<?xml version="1.0" encoding="UTF-8"?>
<testsuite xmlns:xsi="http://www.w3.org/2001/XMLSchema-instance" xsi:noNamespaceSchemaLocation="https://maven.apache.org/surefire/maven-surefire-plugin/xsd/surefire-test-report.xsd" version="3.0.2" name="com.eazybytes.loans.LoansApplicationTests" time="13.803" tests="1" errors="0" skipped="0" failures="0">
  <properties>
[...]
</properties>
  <testcase name="contextLoads" classname="com.eazybytes.loans.LoansApplicationTests" time="0.339">
    <system-out><![CDATA[09:38:35.798 [main] INFO org.springframework.test.context.support.AnnotationConfigContextLoaderUtils -- Could not detect default configuration classes for test class [com.eazybytes.loans.LoansApplicationTests]: LoansApplicationTests does not declare any static, non-private, non-final, nested classes annotated with @Configuration.
09:38:35.924 [main] INFO org.springframework.boot.test.context.SpringBootTestContextBootstrapper -- Found @SpringBootConfiguration com.eazybytes.loans.LoansApplication for test class com.eazybytes.loans.LoansApplicationTests
09:38:36.213 [main] INFO org.springframework.boot.devtools.restart.RestartApplicationListener -- Restart disabled due to context in which it is running

  .   ____          _            __ _ _
 /\\ / ___'_ __ _ _(_)_ __  __ _ \ \ \ \
( ( )\___ | '_ | '_| | '_ \/ _` | \ \ \ \
 \\/  ___)| |_)| | | | | || (_| |  ) ) ) )
  '  |____| .__|_| |_|_| |_\__, | / / / /
 =========|_|==============|___/=/_/_/_/

 :: Spring Boot ::                (v3.4.0)

2025-01-18T09:38:39.256+01:00  INFO 39852 --- [loans] [           main] c.eazybytes.loans.LoansApplicationTests  : Starting LoansApplicationTests using Java 21.0.2 with PID 39852 (started by frank in C:\udemy\Master Microservices with Java Spring Docker Kubernetes\srcdev20241215\section10_Resilience\loans)
2025-01-18T09:38:39.257+01:00 DEBUG 39852 --- [loans] [           main] c.eazybytes.loans.LoansApplicationTests  : Running with Spring Boot v3.4.0, Spring v6.2.0
2025-01-18T09:38:39.257+01:00  INFO 39852 --- [loans] [           main] c.eazybytes.loans.LoansApplicationTests  : The following 1 profile is active: "prod"
2025-01-18T09:38:39.288+01:00  INFO 39852 --- [loans] [           main] o.s.c.c.c.ConfigServerConfigDataLoader   : Fetching config from server at : http://localhost:8071/
2025-01-18T09:38:39.288+01:00  INFO 39852 --- [loans] [           main] o.s.c.c.c.ConfigServerConfigDataLoader   : Located environment: name=loans, profiles=[default], label=null, version=517fec9fe057186f93f08c27e71d4dae64eee963, state=
2025-01-18T09:38:39.288+01:00  INFO 39852 --- [loans] [           main] o.s.c.c.c.ConfigServerConfigDataLoader   : Fetching config from server at : http://localhost:8071/
2025-01-18T09:38:39.288+01:00  INFO 39852 --- [loans] [           main] o.s.c.c.c.ConfigServerConfigDataLoader   : Located environment: name=loans, profiles=[prod], label=null, version=517fec9fe057186f93f08c27e71d4dae64eee963, state=
2025-01-18T09:38:40.405+01:00  INFO 39852 --- [loans] [           main] .s.d.r.c.RepositoryConfigurationDelegate : Bootstrapping Spring Data JPA repositories in DEFAULT mode.
2025-01-18T09:38:40.537+01:00  INFO 39852 --- [loans] [           main] .s.d.r.c.RepositoryConfigurationDelegate : Finished Spring Data repository scanning in 120 ms. Found 1 JPA repository interface.
2025-01-18T09:38:40.782+01:00  INFO 39852 --- [loans] [           main] faultConfiguringBeanFactoryPostProcessor : No bean named 'errorChannel' has been explicitly defined. Therefore, a default PublishSubscribeChannel will be created.
2025-01-18T09:38:40.788+01:00  INFO 39852 --- [loans] [           main] faultConfiguringBeanFactoryPostProcessor : No bean named 'integrationHeaderChannelRegistry' has been explicitly defined. Therefore, a default DefaultHeaderChannelRegistry will be created.
2025-01-18T09:38:40.867+01:00  INFO 39852 --- [loans] [           main] o.s.cloud.context.scope.GenericScope     : BeanFactory id=d5428a2f-47f6-350a-81e4-63645b33a3c7
2025-01-18T09:38:41.378+01:00  INFO 39852 --- [loans] [           main] com.zaxxer.hikari.HikariDataSource       : HikariPool-1 - Starting...
2025-01-18T09:38:41.793+01:00  INFO 39852 --- [loans] [           main] com.zaxxer.hikari.pool.HikariPool        : HikariPool-1 - Added connection com.mysql.cj.jdbc.ConnectionImpl@5c2ae7d7
2025-01-18T09:38:41.795+01:00  INFO 39852 --- [loans] [           main] com.zaxxer.hikari.HikariDataSource       : HikariPool-1 - Start completed.
2025-01-18T09:38:41.939+01:00  INFO 39852 --- [loans] [           main] o.hibernate.jpa.internal.util.LogHelper  : HHH000204: Processing PersistenceUnitInfo [name: default]
2025-01-18T09:38:41.990+01:00  INFO 39852 --- [loans] [           main] org.hibernate.Version                    : HHH000412: Hibernate ORM core version 6.6.2.Final
2025-01-18T09:38:42.020+01:00  INFO 39852 --- [loans] [           main] o.h.c.internal.RegionFactoryInitiator    : HHH000026: Second-level cache disabled
2025-01-18T09:38:42.320+01:00  INFO 39852 --- [loans] [           main] o.s.o.j.p.SpringPersistenceUnitInfo      : No LoadTimeWeaver setup: ignoring JPA class transformer
2025-01-18T09:38:42.423+01:00  INFO 39852 --- [loans] [           main] org.hibernate.orm.connections.pooling    : HHH10001005: Database info:
	Database JDBC URL [Connecting through datasource 'HikariDataSource (HikariPool-1)']
	Database driver: undefined/unknown
	Database version: 8.4
	Autocommit mode: undefined/unknown
	Isolation level: undefined/unknown
	Minimum pool size: undefined/unknown
	Maximum pool size: undefined/unknown
2025-01-18T09:38:43.160+01:00  INFO 39852 --- [loans] [           main] o.h.e.t.j.p.i.JtaPlatformInitiator       : HHH000489: No JTA platform available (set 'hibernate.transaction.jta.platform' to enable JTA platform integration)
2025-01-18T09:38:43.161+01:00  INFO 39852 --- [loans] [           main] j.LocalContainerEntityManagerFactoryBean : Initialized JPA EntityManagerFactory for persistence unit 'default'
2025-01-18T09:38:43.996+01:00  WARN 39852 --- [loans] [           main] JpaBaseConfiguration$JpaWebConfiguration : spring.jpa.open-in-view is enabled by default. Therefore, database queries may be performed during view rendering. Explicitly configure spring.jpa.open-in-view to disable this warning
2025-01-18T09:38:45.694+01:00  INFO 39852 --- [loans] [           main] o.s.cloud.commons.util.InetUtils         : Cannot determine local hostname
2025-01-18T09:38:46.738+01:00  INFO 39852 --- [loans] [           main] o.s.cloud.commons.util.InetUtils         : Cannot determine local hostname
2025-01-18T09:38:47.111+01:00  INFO 39852 --- [loans] [           main] o.s.c.s.m.DirectWithAttributesChannel    : Channel 'loans.springCloudBusInput' has 1 subscriber(s).
2025-01-18T09:38:48.361+01:00  INFO 39852 --- [loans] [           main] o.s.cloud.commons.util.InetUtils         : Cannot determine local hostname
2025-01-18T09:38:48.377+01:00  INFO 39852 --- [loans] [           main] DiscoveryClientOptionalArgsConfiguration : Eureka HTTP Client uses RestTemplate.
2025-01-18T09:38:48.433+01:00  WARN 39852 --- [loans] [           main] iguration$LoadBalancerCaffeineWarnLogger : Spring Cloud LoadBalancer is currently working with the default cache. While this cache implementation is useful for development and tests, it's recommended to use Caffeine cache in production.You can switch to using Caffeine cache, by adding it and org.springframework.cache.caffeine.CaffeineCacheManager to the classpath.
2025-01-18T09:38:48.463+01:00  INFO 39852 --- [loans] [           main] o.s.b.a.e.web.EndpointLinksResolver      : Exposing 25 endpoints beneath base path '/actuator'
2025-01-18T09:38:48.555+01:00  INFO 39852 --- [loans] [           main] o.s.i.endpoint.EventDrivenConsumer       : Adding {logging-channel-adapter:_org.springframework.integration.errorLogger} as a subscriber to the 'errorChannel' channel
2025-01-18T09:38:48.555+01:00  INFO 39852 --- [loans] [           main] o.s.i.channel.PublishSubscribeChannel    : Channel 'loans.errorChannel' has 1 subscriber(s).
2025-01-18T09:38:48.556+01:00  INFO 39852 --- [loans] [           main] o.s.i.endpoint.EventDrivenConsumer       : started bean '_org.springframework.integration.errorLogger'
2025-01-18T09:38:48.595+01:00  INFO 39852 --- [loans] [           main] o.s.c.n.eureka.InstanceInfoFactory       : Setting initial instance status as: STARTING
2025-01-18T09:38:48.614+01:00  INFO 39852 --- [loans] [           main] com.netflix.discovery.DiscoveryClient    : Initializing Eureka in region us-east-1
2025-01-18T09:38:48.616+01:00  INFO 39852 --- [loans] [           main] c.n.d.s.r.aws.ConfigClusterResolver      : Resolving eureka endpoints via configuration
2025-01-18T09:38:48.622+01:00  INFO 39852 --- [loans] [           main] com.netflix.discovery.DiscoveryClient    : Disable delta property : false
2025-01-18T09:38:48.622+01:00  INFO 39852 --- [loans] [           main] com.netflix.discovery.DiscoveryClient    : Single vip registry refresh property : null
2025-01-18T09:38:48.622+01:00  INFO 39852 --- [loans] [           main] com.netflix.discovery.DiscoveryClient    : Force full registry fetch : false
2025-01-18T09:38:48.622+01:00  INFO 39852 --- [loans] [           main] com.netflix.discovery.DiscoveryClient    : Application is null : false
2025-01-18T09:38:48.622+01:00  INFO 39852 --- [loans] [           main] com.netflix.discovery.DiscoveryClient    : Registered Applications size is zero : true
2025-01-18T09:38:48.622+01:00  INFO 39852 --- [loans] [           main] com.netflix.discovery.DiscoveryClient    : Application version is -1: true
2025-01-18T09:38:48.622+01:00  INFO 39852 --- [loans] [           main] com.netflix.discovery.DiscoveryClient    : Getting all instance registry info from the eureka server
2025-01-18T09:38:48.766+01:00  INFO 39852 --- [loans] [           main] com.netflix.discovery.DiscoveryClient    : The response status is 200
2025-01-18T09:38:48.767+01:00  INFO 39852 --- [loans] [           main] com.netflix.discovery.DiscoveryClient    : Starting heartbeat executor: renew interval is: 30
2025-01-18T09:38:48.768+01:00  INFO 39852 --- [loans] [           main] c.n.discovery.InstanceInfoReplicator     : InstanceInfoReplicator onDemand update allowed rate per min is 4
2025-01-18T09:38:48.769+01:00  INFO 39852 --- [loans] [           main] com.netflix.discovery.DiscoveryClient    : Discovery Client initialized at timestamp 1737189528769 with initial instances count: 0
2025-01-18T09:38:48.773+01:00  INFO 39852 --- [loans] [           main] o.s.c.n.e.s.EurekaServiceRegistry        : Registering application LOANS with eureka with status UP
2025-01-18T09:38:48.774+01:00  INFO 39852 --- [loans] [           main] com.netflix.discovery.DiscoveryClient    : Saw local status change event StatusChangeEvent [timestamp=1737189528774, current=UP, previous=STARTING]
2025-01-18T09:38:48.775+01:00  INFO 39852 --- [loans] [foReplicator-%d] com.netflix.discovery.DiscoveryClient    : DiscoveryClient_LOANS/localhost:loans:8090: registering service...
2025-01-18T09:38:48.776+01:00  INFO 39852 --- [loans] [           main] o.s.c.s.binder.DefaultBinderFactory      : Creating binder: rabbit
2025-01-18T09:38:48.776+01:00  INFO 39852 --- [loans] [           main] o.s.c.s.binder.DefaultBinderFactory      : Constructing binder child context for rabbit
2025-01-18T09:38:48.809+01:00  INFO 39852 --- [loans] [foReplicator-%d] com.netflix.discovery.DiscoveryClient    : DiscoveryClient_LOANS/localhost:loans:8090 - registration status: 204
2025-01-18T09:38:48.876+01:00  INFO 39852 --- [loans] [           main] o.s.c.s.binder.DefaultBinderFactory      : Caching the binder: rabbit
2025-01-18T09:38:48.912+01:00  INFO 39852 --- [loans] [           main] c.s.b.r.p.RabbitExchangeQueueProvisioner : declaring queue for inbound: springCloudBus.anonymous.qbQbKwV3RfWopQshxAo2iA, bound to: springCloudBus
2025-01-18T09:38:48.915+01:00  INFO 39852 --- [loans] [           main] o.s.a.r.c.CachingConnectionFactory       : Attempting to connect to: [localhost:5672]
2025-01-18T09:38:48.950+01:00  INFO 39852 --- [loans] [           main] o.s.a.r.c.CachingConnectionFactory       : Created new connection: rabbitConnectionFactory#70b38e0:0/SimpleConnection@64a768e7 [delegate=amqp://guest@127.0.0.1:5672/, localPort=65245]
2025-01-18T09:38:48.997+01:00  INFO 39852 --- [loans] [           main] o.s.c.stream.binder.BinderErrorChannel   : Channel 'rabbit-99546480.springCloudBusInput.errors' has 1 subscriber(s).
2025-01-18T09:38:48.998+01:00  INFO 39852 --- [loans] [           main] o.s.c.stream.binder.BinderErrorChannel   : Channel 'rabbit-99546480.springCloudBusInput.errors' has 2 subscriber(s).
2025-01-18T09:38:49.014+01:00  INFO 39852 --- [loans] [           main] o.s.i.a.i.AmqpInboundChannelAdapter      : started bean 'inbound.springCloudBus.anonymous.qbQbKwV3RfWopQshxAo2iA'
2025-01-18T09:38:49.050+01:00  INFO 39852 --- [loans] [           main] c.eazybytes.loans.LoansApplicationTests  : Started LoansApplicationTests in 12.85 seconds (process running for 13.935)
]]></system-out>
    <system-err><![CDATA[Mockito is currently self-attaching to enable the inline-mock-maker. This will no longer work in future releases of the JDK. Please add Mockito as an agent to your build what is described in Mockito's documentation: https://javadoc.io/doc/org.mockito/mockito-core/latest/org/mockito/Mockito.html#0.3
WARNING: A Java agent has been loaded dynamically (C:\Users\frank\.m2\repository\net\bytebuddy\byte-buddy-agent\1.15.10\byte-buddy-agent-1.15.10.jar)
WARNING: If a serviceability tool is in use, please run with -XX:+EnableDynamicAgentLoading to hide this warning
WARNING: If a serviceability tool is not in use, please run with -Djdk.instrument.traceUsage for more information
WARNING: Dynamic loading of agents will be disallowed by default in a future release
]]></system-err>
  </testcase>
</testsuite>